<?xml version="1.0" encoding="UTF-8"?>
<!-- Generated by org.testng.reporters.JUnitXMLReporter -->
<testsuite ignored="0" hostname="DESKTOP-B00HB2D" failures="1" tests="1" name="Test Edge" time="279.851" errors="0" timestamp="2025-05-09T13:15:26 IST">
  <testcase classname="com.amazon.seleniumgrid.ParallelExecution" name="testParallelExecution" time="279.691">
    <failure type="org.openqa.selenium.TimeoutException" message="java.util.concurrent.TimeoutException
Build info: version: &amp;apos;4.31.0&amp;apos;, revision: &amp;apos;1ef9f18787*&amp;apos;
System info: os.name: &amp;apos;Windows 10&amp;apos;, os.arch: &amp;apos;amd64&amp;apos;, os.version: &amp;apos;10.0&amp;apos;, java.version: &amp;apos;21.0.7&amp;apos;
Driver info: org.openqa.selenium.remote.RemoteWebDriver
Command: [daad83795cd8a73c1a00617a2f500075, get {url=https://www.amazon.in/}]
Capabilities {acceptInsecureCerts: false, browserName: MicrosoftEdge, browserVersion: 136.0.3240.50, fedcm:accounts: true, ms:edgeOptions: {debuggerAddress: localhost:34321}, msedge: {msedgedriverVersion: 136.0.3240.50 (4e2c41645f24..., userDataDir: /tmp/.com.microsoft.Edge.yy...}, networkConnectionEnabled: false, pageLoadStrategy: normal, platformName: linux, proxy: Proxy(), se:bidiEnabled: false, se:cdp: ws://172.18.0.3:4444/sessio..., se:cdpVersion: 136.0.3240.50, se:containerName: 4d8d61bf4c17, se:noVncPort: 7900, se:vnc: ws://172.18.0.3:4444/sessio..., se:vncEnabled: true, se:vncLocalAddress: ws://172.18.0.3:7900, setWindowRect: true, strictFileInteractability: false, timeouts: {implicit: 0, pageLoad: 300000, script: 30000}, unhandledPromptBehavior: dismiss and notify, webauthn:extension:credBlob: true, webauthn:extension:largeBlob: true, webauthn:extension:minPinLength: true, webauthn:extension:prf: true, webauthn:virtualAuthenticators: true}
Session ID: daad83795cd8a73c1a00617a2f500075">
      <![CDATA[org.openqa.selenium.TimeoutException: java.util.concurrent.TimeoutException
Build info: version: '4.31.0', revision: '1ef9f18787*'
System info: os.name: 'Windows 10', os.arch: 'amd64', os.version: '10.0', java.version: '21.0.7'
Driver info: org.openqa.selenium.remote.RemoteWebDriver
Command: [daad83795cd8a73c1a00617a2f500075, get {url=https://www.amazon.in/}]
Capabilities {acceptInsecureCerts: false, browserName: MicrosoftEdge, browserVersion: 136.0.3240.50, fedcm:accounts: true, ms:edgeOptions: {debuggerAddress: localhost:34321}, msedge: {msedgedriverVersion: 136.0.3240.50 (4e2c41645f24..., userDataDir: /tmp/.com.microsoft.Edge.yy...}, networkConnectionEnabled: false, pageLoadStrategy: normal, platformName: linux, proxy: Proxy(), se:bidiEnabled: false, se:cdp: ws://172.18.0.3:4444/sessio..., se:cdpVersion: 136.0.3240.50, se:containerName: 4d8d61bf4c17, se:noVncPort: 7900, se:vnc: ws://172.18.0.3:4444/sessio..., se:vncEnabled: true, se:vncLocalAddress: ws://172.18.0.3:7900, setWindowRect: true, strictFileInteractability: false, timeouts: {implicit: 0, pageLoad: 300000, script: 30000}, unhandledPromptBehavior: dismiss and notify, webauthn:extension:credBlob: true, webauthn:extension:largeBlob: true, webauthn:extension:minPinLength: true, webauthn:extension:prf: true, webauthn:virtualAuthenticators: true}
Session ID: daad83795cd8a73c1a00617a2f500075
at org.openqa.selenium.remote.http.jdk.JdkHttpClient.execute(JdkHttpClient.java:424)
at org.openqa.selenium.remote.tracing.TracedHttpClient.execute(TracedHttpClient.java:54)
at org.openqa.selenium.remote.HttpCommandExecutor.execute(HttpCommandExecutor.java:212)
at org.openqa.selenium.remote.TracedCommandExecutor.execute(TracedCommandExecutor.java:53)
at org.openqa.selenium.remote.RemoteWebDriver.execute(RemoteWebDriver.java:545)
at org.openqa.selenium.remote.RemoteWebDriver.get(RemoteWebDriver.java:313)
at com.amazon.seleniumgrid.ParallelExecution.testParallelExecution(ParallelExecution.java:38)
at java.base/java.util.ArrayList.forEach(ArrayList.java:1596)
at java.base/java.util.concurrent.FutureTask.run(FutureTask.java:317)
at java.base/java.util.concurrent.ThreadPoolExecutor.runWorker(ThreadPoolExecutor.java:1144)
at java.base/java.util.concurrent.ThreadPoolExecutor$Worker.run(ThreadPoolExecutor.java:642)
at java.base/java.lang.Thread.run(Thread.java:1583)
Caused by: java.util.concurrent.TimeoutException
at java.base/java.util.concurrent.CompletableFuture$Timeout.run(CompletableFuture.java:2920)
at java.base/java.util.concurrent.Executors$RunnableAdapter.call(Executors.java:572)
at java.base/java.util.concurrent.FutureTask.run(FutureTask.java:317)
at java.base/java.util.concurrent.ScheduledThreadPoolExecutor$ScheduledFutureTask.run(ScheduledThreadPoolExecutor.java:304)
... 3 more
... Removed 15 stack frames]]>
    </failure>
  </testcase> <!-- testParallelExecution -->
</testsuite> <!-- Test Edge -->
